<?xml version="1.0" encoding="UTF-8"?>
<testsuite xmlns:xsi="http://www.w3.org/2001/XMLSchema-instance" xsi:noNamespaceSchemaLocation="https://maven.apache.org/surefire/maven-surefire-plugin/xsd/surefire-test-report-3.0.xsd" version="3.0" name="assignment1.BankAccountTest" time="0.063" tests="20" errors="0" skipped="0" failures="0">
  <properties>
[...]
</properties>
  <testcase name="testWithdrawValidAmount" classname="assignment1.BankAccountTest" time="0.016"/>
  <testcase name="testWithdrawPostDeposit" classname="assignment1.BankAccountTest" time="0.0"/>
  <testcase name="testDepositthenWithdraw" classname="assignment1.BankAccountTest" time="0.0"/>
  <testcase name="testgetBalance" classname="assignment1.BankAccountTest" time="0.0"/>
  <testcase name="testgetNegativeValue" classname="assignment1.BankAccountTest" time="0.0"/>
  <testcase name="testWithdrawMultipleWithdraw" classname="assignment1.BankAccountTest" time="0.0"/>
  <testcase name="testWithdrawMoreAmount" classname="assignment1.BankAccountTest" time="0.0"/>
  <testcase name="testWithdrawValidBalance" classname="assignment1.BankAccountTest" time="0.0"/>
  <testcase name="testWithdrawAllthenDeposit" classname="assignment1.BankAccountTest" time="0.0"/>
  <testcase name="testgetBalanceZeroBalance" classname="assignment1.BankAccountTest" time="0.0"/>
  <testcase name="depositNegativeTest" classname="assignment1.BankAccountTest" time="0.0"/>
  <testcase name="testWithdrawthenDeposit" classname="assignment1.BankAccountTest" time="0.0"/>
  <testcase name="testgetBalanceMultipleTransaction" classname="assignment1.BankAccountTest" time="0.0"/>
  <testcase name="depositSmallPositiveValue" classname="assignment1.BankAccountTest" time="0.0"/>
  <testcase name="depositNegativeBalance" classname="assignment1.BankAccountTest" time="0.0"/>
  <testcase name="testWithdrawNegativeAmount" classname="assignment1.BankAccountTest" time="0.0"/>
  <testcase name="testWithdrawMultipleWithdrawDeposit" classname="assignment1.BankAccountTest" time="0.0"/>
  <testcase name="deposit" classname="assignment1.BankAccountTest" time="0.0"/>
  <testcase name="testWithdrawZeroAmount" classname="assignment1.BankAccountTest" time="0.0"/>
  <testcase name="testWithdrawMoreThanDeposited" classname="assignment1.BankAccountTest" time="0.0"/>
</testsuite>